This file contains any messages produced by compilers while
running configure, to aid debugging if configure makes a mistake.

It was created by mastik configure 0.02, which was
generated by GNU Autoconf 2.69.  Invocation command line was

  $ ./configure 

## --------- ##
## Platform. ##
## --------- ##

hostname = lab-407
uname -m = x86_64
uname -r = 4.4.0-47-generic
uname -s = Linux
uname -v = #68~14.04.1-Ubuntu SMP Wed Oct 26 19:42:11 UTC 2016

/usr/bin/uname -p = unknown
/bin/uname -X     = unknown

/bin/arch              = unknown
/usr/bin/arch -k       = unknown
/usr/convex/getsysinfo = unknown
/usr/bin/hostinfo      = unknown
/bin/machine           = unknown
/usr/bin/oslevel       = unknown
/bin/universe          = unknown

PATH: /usr/local/sbin
PATH: /usr/local/bin
PATH: /usr/sbin
PATH: /usr/bin
PATH: /sbin
PATH: /bin
PATH: /usr/games
PATH: /usr/local/games
PATH: /usr/lib/jvm/java-8-oracle/bin
PATH: /usr/lib/jvm/java-8-oracle/db/bin
PATH: /usr/lib/jvm/java-8-oracle/jre/bin


## ----------- ##
## Core tests. ##
## ----------- ##

configure:2328: checking for gcc
configure:2344: found /usr/bin/gcc
configure:2355: result: gcc
configure:2584: checking for C compiler version
configure:2593: gcc --version >&5
gcc (Ubuntu 4.8.4-2ubuntu1~14.04.3) 4.8.4
Copyright (C) 2013 Free Software Foundation, Inc.
This is free software; see the source for copying conditions.  There is NO
warranty; not even for MERCHANTABILITY or FITNESS FOR A PARTICULAR PURPOSE.

configure:2604: $? = 0
configure:2593: gcc -v >&5
Using built-in specs.
COLLECT_GCC=gcc
COLLECT_LTO_WRAPPER=/usr/lib/gcc/x86_64-linux-gnu/4.8/lto-wrapper
Target: x86_64-linux-gnu
Configured with: ../src/configure -v --with-pkgversion='Ubuntu 4.8.4-2ubuntu1~14.04.3' --with-bugurl=file:///usr/share/doc/gcc-4.8/README.Bugs --enable-languages=c,c++,java,go,d,fortran,objc,obj-c++ --prefix=/usr --program-suffix=-4.8 --enable-shared --enable-linker-build-id --libexecdir=/usr/lib --without-included-gettext --enable-threads=posix --with-gxx-include-dir=/usr/include/c++/4.8 --libdir=/usr/lib --enable-nls --with-sysroot=/ --enable-clocale=gnu --enable-libstdcxx-debug --enable-libstdcxx-time=yes --enable-gnu-unique-object --disable-libmudflap --enable-plugin --with-system-zlib --disable-browser-plugin --enable-java-awt=gtk --enable-gtk-cairo --with-java-home=/usr/lib/jvm/java-1.5.0-gcj-4.8-amd64/jre --enable-java-home --with-jvm-root-dir=/usr/lib/jvm/java-1.5.0-gcj-4.8-amd64 --with-jvm-jar-dir=/usr/lib/jvm-exports/java-1.5.0-gcj-4.8-amd64 --with-arch-directory=amd64 --with-ecj-jar=/usr/share/java/eclipse-ecj.jar --enable-objc-gc --enable-multiarch --disable-werror --with-arch-32=i686 --with-abi=m64 --with-multilib-list=m32,m64,mx32 --with-tune=generic --enable-checking=release --build=x86_64-linux-gnu --host=x86_64-linux-gnu --target=x86_64-linux-gnu
Thread model: posix
gcc version 4.8.4 (Ubuntu 4.8.4-2ubuntu1~14.04.3) 
configure:2604: $? = 0
configure:2593: gcc -V >&5
gcc: error: unrecognized command line option '-V'
gcc: fatal error: no input files
compilation terminated.
configure:2604: $? = 4
configure:2593: gcc -qversion >&5
gcc: error: unrecognized command line option '-qversion'
gcc: fatal error: no input files
compilation terminated.
configure:2604: $? = 4
configure:2624: checking whether the C compiler works
configure:2646: gcc    conftest.c  >&5
configure:2650: $? = 0
configure:2698: result: yes
configure:2701: checking for C compiler default output file name
configure:2703: result: a.out
configure:2709: checking for suffix of executables
configure:2716: gcc -o conftest    conftest.c  >&5
configure:2720: $? = 0
configure:2742: result: 
configure:2764: checking whether we are cross compiling
configure:2772: gcc -o conftest    conftest.c  >&5
configure:2776: $? = 0
configure:2783: ./conftest
configure:2787: $? = 0
configure:2802: result: no
configure:2807: checking for suffix of object files
configure:2829: gcc -c   conftest.c >&5
configure:2833: $? = 0
configure:2854: result: o
configure:2858: checking whether we are using the GNU C compiler
configure:2877: gcc -c   conftest.c >&5
configure:2877: $? = 0
configure:2886: result: yes
configure:2895: checking whether gcc accepts -g
configure:2915: gcc -c -g  conftest.c >&5
configure:2915: $? = 0
configure:2956: result: yes
configure:2973: checking for gcc option to accept ISO C89
configure:3036: gcc  -c -g -O2  conftest.c >&5
configure:3036: $? = 0
configure:3049: result: none needed
configure:3072: checking for bfd_init in -lbfd
configure:3097: gcc -o conftest -g -O2   conftest.c -lbfd   >&5
/usr/bin/ld: cannot find -lbfd
collect2: error: ld returned 1 exit status
configure:3097: $? = 1
configure: failed program was:
| /* confdefs.h */
| #define PACKAGE_NAME "mastik"
| #define PACKAGE_TARNAME "mastik"
| #define PACKAGE_VERSION "0.02"
| #define PACKAGE_STRING "mastik 0.02"
| #define PACKAGE_BUGREPORT "yval@cs.adelaide.edu.au"
| #define PACKAGE_URL ""
| /* end confdefs.h.  */
| 
| /* Override any GCC internal prototype to avoid an error.
|    Use char because int might match the return type of a GCC
|    builtin and then its argument prototype would still apply.  */
| #ifdef __cplusplus
| extern "C"
| #endif
| char bfd_init ();
| int
| main ()
| {
| return bfd_init ();
|   ;
|   return 0;
| }
configure:3106: result: no
configure:3117: checking for elf_version in -lelf
configure:3142: gcc -o conftest -g -O2   conftest.c -lelf   >&5
/usr/bin/ld: cannot find -lelf
collect2: error: ld returned 1 exit status
configure:3142: $? = 1
configure: failed program was:
| /* confdefs.h */
| #define PACKAGE_NAME "mastik"
| #define PACKAGE_TARNAME "mastik"
| #define PACKAGE_VERSION "0.02"
| #define PACKAGE_STRING "mastik 0.02"
| #define PACKAGE_BUGREPORT "yval@cs.adelaide.edu.au"
| #define PACKAGE_URL ""
| /* end confdefs.h.  */
| 
| /* Override any GCC internal prototype to avoid an error.
|    Use char because int might match the return type of a GCC
|    builtin and then its argument prototype would still apply.  */
| #ifdef __cplusplus
| extern "C"
| #endif
| char elf_version ();
| int
| main ()
| {
| return elf_version ();
|   ;
|   return 0;
| }
configure:3151: result: no
configure:3162: checking for dwarf_init in -ldwarf
configure:3187: gcc -o conftest -g -O2   conftest.c -ldwarf   >&5
/usr/bin/ld: cannot find -ldwarf
collect2: error: ld returned 1 exit status
configure:3187: $? = 1
configure: failed program was:
| /* confdefs.h */
| #define PACKAGE_NAME "mastik"
| #define PACKAGE_TARNAME "mastik"
| #define PACKAGE_VERSION "0.02"
| #define PACKAGE_STRING "mastik 0.02"
| #define PACKAGE_BUGREPORT "yval@cs.adelaide.edu.au"
| #define PACKAGE_URL ""
| /* end confdefs.h.  */
| 
| /* Override any GCC internal prototype to avoid an error.
|    Use char because int might match the return type of a GCC
|    builtin and then its argument prototype would still apply.  */
| #ifdef __cplusplus
| extern "C"
| #endif
| char dwarf_init ();
| int
| main ()
| {
| return dwarf_init ();
|   ;
|   return 0;
| }
configure:3196: result: no
configure:3216: checking how to run the C preprocessor
configure:3247: gcc -E  conftest.c
configure:3247: $? = 0
configure:3261: gcc -E  conftest.c
conftest.c:9:28: fatal error: ac_nonexistent.h: No such file or directory
 #include <ac_nonexistent.h>
                            ^
compilation terminated.
configure:3261: $? = 1
configure: failed program was:
| /* confdefs.h */
| #define PACKAGE_NAME "mastik"
| #define PACKAGE_TARNAME "mastik"
| #define PACKAGE_VERSION "0.02"
| #define PACKAGE_STRING "mastik 0.02"
| #define PACKAGE_BUGREPORT "yval@cs.adelaide.edu.au"
| #define PACKAGE_URL ""
| /* end confdefs.h.  */
| #include <ac_nonexistent.h>
configure:3286: result: gcc -E
configure:3306: gcc -E  conftest.c
configure:3306: $? = 0
configure:3320: gcc -E  conftest.c
conftest.c:9:28: fatal error: ac_nonexistent.h: No such file or directory
 #include <ac_nonexistent.h>
                            ^
compilation terminated.
configure:3320: $? = 1
configure: failed program was:
| /* confdefs.h */
| #define PACKAGE_NAME "mastik"
| #define PACKAGE_TARNAME "mastik"
| #define PACKAGE_VERSION "0.02"
| #define PACKAGE_STRING "mastik 0.02"
| #define PACKAGE_BUGREPORT "yval@cs.adelaide.edu.au"
| #define PACKAGE_URL ""
| /* end confdefs.h.  */
| #include <ac_nonexistent.h>
configure:3349: checking for grep that handles long lines and -e
configure:3407: result: /bin/grep
configure:3412: checking for egrep
configure:3474: result: /bin/grep -E
configure:3479: checking for ANSI C header files
configure:3499: gcc -c -g -O2  conftest.c >&5
configure:3499: $? = 0
configure:3572: gcc -o conftest -g -O2   conftest.c  >&5
configure:3572: $? = 0
configure:3572: ./conftest
configure:3572: $? = 0
configure:3583: result: yes
configure:3596: checking for sys/types.h
configure:3596: gcc -c -g -O2  conftest.c >&5
configure:3596: $? = 0
configure:3596: result: yes
configure:3596: checking for sys/stat.h
configure:3596: gcc -c -g -O2  conftest.c >&5
configure:3596: $? = 0
configure:3596: result: yes
configure:3596: checking for stdlib.h
configure:3596: gcc -c -g -O2  conftest.c >&5
configure:3596: $? = 0
configure:3596: result: yes
configure:3596: checking for string.h
configure:3596: gcc -c -g -O2  conftest.c >&5
configure:3596: $? = 0
configure:3596: result: yes
configure:3596: checking for memory.h
configure:3596: gcc -c -g -O2  conftest.c >&5
configure:3596: $? = 0
configure:3596: result: yes
configure:3596: checking for strings.h
configure:3596: gcc -c -g -O2  conftest.c >&5
configure:3596: $? = 0
configure:3596: result: yes
configure:3596: checking for inttypes.h
configure:3596: gcc -c -g -O2  conftest.c >&5
configure:3596: $? = 0
configure:3596: result: yes
configure:3596: checking for stdint.h
configure:3596: gcc -c -g -O2  conftest.c >&5
configure:3596: $? = 0
configure:3596: result: yes
configure:3596: checking for unistd.h
configure:3596: gcc -c -g -O2  conftest.c >&5
configure:3596: $? = 0
configure:3596: result: yes
configure:3611: checking fcntl.h usability
configure:3611: gcc -c -g -O2  conftest.c >&5
configure:3611: $? = 0
configure:3611: result: yes
configure:3611: checking fcntl.h presence
configure:3611: gcc -E  conftest.c
configure:3611: $? = 0
configure:3611: result: yes
configure:3611: checking for fcntl.h
configure:3611: result: yes
configure:3611: checking for stdint.h
configure:3611: result: yes
configure:3611: checking for stdlib.h
configure:3611: result: yes
configure:3611: checking for string.h
configure:3611: result: yes
configure:3611: checking for strings.h
configure:3611: result: yes
configure:3611: checking for unistd.h
configure:3611: result: yes
configure:3611: checking sched.h usability
configure:3611: gcc -c -g -O2  conftest.c >&5
configure:3611: $? = 0
configure:3611: result: yes
configure:3611: checking sched.h presence
configure:3611: gcc -E  conftest.c
configure:3611: $? = 0
configure:3611: result: yes
configure:3611: checking for sched.h
configure:3611: result: yes
configure:3611: checking sys/prctl.h usability
configure:3611: gcc -c -g -O2  conftest.c >&5
configure:3611: $? = 0
configure:3611: result: yes
configure:3611: checking sys/prctl.h presence
configure:3611: gcc -E  conftest.c
configure:3611: $? = 0
configure:3611: result: yes
configure:3611: checking for sys/prctl.h
configure:3611: result: yes
configure:3623: checking bfd.h usability
configure:3623: gcc -c -g -O2  conftest.c >&5
conftest.c:60:17: fatal error: bfd.h: No such file or directory
 #include <bfd.h>
                 ^
compilation terminated.
configure:3623: $? = 1
configure: failed program was:
| /* confdefs.h */
| #define PACKAGE_NAME "mastik"
| #define PACKAGE_TARNAME "mastik"
| #define PACKAGE_VERSION "0.02"
| #define PACKAGE_STRING "mastik 0.02"
| #define PACKAGE_BUGREPORT "yval@cs.adelaide.edu.au"
| #define PACKAGE_URL ""
| #define STDC_HEADERS 1
| #define HAVE_SYS_TYPES_H 1
| #define HAVE_SYS_STAT_H 1
| #define HAVE_STDLIB_H 1
| #define HAVE_STRING_H 1
| #define HAVE_MEMORY_H 1
| #define HAVE_STRINGS_H 1
| #define HAVE_INTTYPES_H 1
| #define HAVE_STDINT_H 1
| #define HAVE_UNISTD_H 1
| #define HAVE_FCNTL_H 1
| #define HAVE_STDINT_H 1
| #define HAVE_STDLIB_H 1
| #define HAVE_STRING_H 1
| #define HAVE_STRINGS_H 1
| #define HAVE_UNISTD_H 1
| #define HAVE_SCHED_H 1
| #define HAVE_SYS_PRCTL_H 1
| /* end confdefs.h.  */
| #include <stdio.h>
| #ifdef HAVE_SYS_TYPES_H
| # include <sys/types.h>
| #endif
| #ifdef HAVE_SYS_STAT_H
| # include <sys/stat.h>
| #endif
| #ifdef STDC_HEADERS
| # include <stdlib.h>
| # include <stddef.h>
| #else
| # ifdef HAVE_STDLIB_H
| #  include <stdlib.h>
| # endif
| #endif
| #ifdef HAVE_STRING_H
| # if !defined STDC_HEADERS && defined HAVE_MEMORY_H
| #  include <memory.h>
| # endif
| # include <string.h>
| #endif
| #ifdef HAVE_STRINGS_H
| # include <strings.h>
| #endif
| #ifdef HAVE_INTTYPES_H
| # include <inttypes.h>
| #endif
| #ifdef HAVE_STDINT_H
| # include <stdint.h>
| #endif
| #ifdef HAVE_UNISTD_H
| # include <unistd.h>
| #endif
| #include <bfd.h>
configure:3623: result: no
configure:3623: checking bfd.h presence
configure:3623: gcc -E  conftest.c
conftest.c:27:17: fatal error: bfd.h: No such file or directory
 #include <bfd.h>
                 ^
compilation terminated.
configure:3623: $? = 1
configure: failed program was:
| /* confdefs.h */
| #define PACKAGE_NAME "mastik"
| #define PACKAGE_TARNAME "mastik"
| #define PACKAGE_VERSION "0.02"
| #define PACKAGE_STRING "mastik 0.02"
| #define PACKAGE_BUGREPORT "yval@cs.adelaide.edu.au"
| #define PACKAGE_URL ""
| #define STDC_HEADERS 1
| #define HAVE_SYS_TYPES_H 1
| #define HAVE_SYS_STAT_H 1
| #define HAVE_STDLIB_H 1
| #define HAVE_STRING_H 1
| #define HAVE_MEMORY_H 1
| #define HAVE_STRINGS_H 1
| #define HAVE_INTTYPES_H 1
| #define HAVE_STDINT_H 1
| #define HAVE_UNISTD_H 1
| #define HAVE_FCNTL_H 1
| #define HAVE_STDINT_H 1
| #define HAVE_STDLIB_H 1
| #define HAVE_STRING_H 1
| #define HAVE_STRINGS_H 1
| #define HAVE_UNISTD_H 1
| #define HAVE_SCHED_H 1
| #define HAVE_SYS_PRCTL_H 1
| /* end confdefs.h.  */
| #include <bfd.h>
configure:3623: result: no
configure:3623: checking for bfd.h
configure:3623: result: no
configure:3661: checking mach-o/loader.h usability
configure:3661: gcc -c -g -O2  conftest.c >&5
conftest.c:60:27: fatal error: mach-o/loader.h: No such file or directory
 #include <mach-o/loader.h>
                           ^
compilation terminated.
configure:3661: $? = 1
configure: failed program was:
| /* confdefs.h */
| #define PACKAGE_NAME "mastik"
| #define PACKAGE_TARNAME "mastik"
| #define PACKAGE_VERSION "0.02"
| #define PACKAGE_STRING "mastik 0.02"
| #define PACKAGE_BUGREPORT "yval@cs.adelaide.edu.au"
| #define PACKAGE_URL ""
| #define STDC_HEADERS 1
| #define HAVE_SYS_TYPES_H 1
| #define HAVE_SYS_STAT_H 1
| #define HAVE_STDLIB_H 1
| #define HAVE_STRING_H 1
| #define HAVE_MEMORY_H 1
| #define HAVE_STRINGS_H 1
| #define HAVE_INTTYPES_H 1
| #define HAVE_STDINT_H 1
| #define HAVE_UNISTD_H 1
| #define HAVE_FCNTL_H 1
| #define HAVE_STDINT_H 1
| #define HAVE_STDLIB_H 1
| #define HAVE_STRING_H 1
| #define HAVE_STRINGS_H 1
| #define HAVE_UNISTD_H 1
| #define HAVE_SCHED_H 1
| #define HAVE_SYS_PRCTL_H 1
| /* end confdefs.h.  */
| #include <stdio.h>
| #ifdef HAVE_SYS_TYPES_H
| # include <sys/types.h>
| #endif
| #ifdef HAVE_SYS_STAT_H
| # include <sys/stat.h>
| #endif
| #ifdef STDC_HEADERS
| # include <stdlib.h>
| # include <stddef.h>
| #else
| # ifdef HAVE_STDLIB_H
| #  include <stdlib.h>
| # endif
| #endif
| #ifdef HAVE_STRING_H
| # if !defined STDC_HEADERS && defined HAVE_MEMORY_H
| #  include <memory.h>
| # endif
| # include <string.h>
| #endif
| #ifdef HAVE_STRINGS_H
| # include <strings.h>
| #endif
| #ifdef HAVE_INTTYPES_H
| # include <inttypes.h>
| #endif
| #ifdef HAVE_STDINT_H
| # include <stdint.h>
| #endif
| #ifdef HAVE_UNISTD_H
| # include <unistd.h>
| #endif
| #include <mach-o/loader.h>
configure:3661: result: no
configure:3661: checking mach-o/loader.h presence
configure:3661: gcc -E  conftest.c
conftest.c:27:27: fatal error: mach-o/loader.h: No such file or directory
 #include <mach-o/loader.h>
                           ^
compilation terminated.
configure:3661: $? = 1
configure: failed program was:
| /* confdefs.h */
| #define PACKAGE_NAME "mastik"
| #define PACKAGE_TARNAME "mastik"
| #define PACKAGE_VERSION "0.02"
| #define PACKAGE_STRING "mastik 0.02"
| #define PACKAGE_BUGREPORT "yval@cs.adelaide.edu.au"
| #define PACKAGE_URL ""
| #define STDC_HEADERS 1
| #define HAVE_SYS_TYPES_H 1
| #define HAVE_SYS_STAT_H 1
| #define HAVE_STDLIB_H 1
| #define HAVE_STRING_H 1
| #define HAVE_MEMORY_H 1
| #define HAVE_STRINGS_H 1
| #define HAVE_INTTYPES_H 1
| #define HAVE_STDINT_H 1
| #define HAVE_UNISTD_H 1
| #define HAVE_FCNTL_H 1
| #define HAVE_STDINT_H 1
| #define HAVE_STDLIB_H 1
| #define HAVE_STRING_H 1
| #define HAVE_STRINGS_H 1
| #define HAVE_UNISTD_H 1
| #define HAVE_SCHED_H 1
| #define HAVE_SYS_PRCTL_H 1
| /* end confdefs.h.  */
| #include <mach-o/loader.h>
configure:3661: result: no
configure:3661: checking for mach-o/loader.h
configure:3661: result: no
configure:3680: checking for inline
configure:3696: gcc -c -g -O2  conftest.c >&5
configure:3696: $? = 0
configure:3704: result: inline
configure:3722: checking for int16_t
configure:3722: gcc -c -g -O2  conftest.c >&5
configure:3722: $? = 0
configure:3722: gcc -c -g -O2  conftest.c >&5
conftest.c: In function 'main':
conftest.c:64:12: error: size of array 'test_array' is negative
 static int test_array [1 - 2 * !((int16_t) (((((int16_t) 1 << N) << N) - 1) * 2 + 1)
            ^
configure:3722: $? = 1
configure: failed program was:
| /* confdefs.h */
| #define PACKAGE_NAME "mastik"
| #define PACKAGE_TARNAME "mastik"
| #define PACKAGE_VERSION "0.02"
| #define PACKAGE_STRING "mastik 0.02"
| #define PACKAGE_BUGREPORT "yval@cs.adelaide.edu.au"
| #define PACKAGE_URL ""
| #define STDC_HEADERS 1
| #define HAVE_SYS_TYPES_H 1
| #define HAVE_SYS_STAT_H 1
| #define HAVE_STDLIB_H 1
| #define HAVE_STRING_H 1
| #define HAVE_MEMORY_H 1
| #define HAVE_STRINGS_H 1
| #define HAVE_INTTYPES_H 1
| #define HAVE_STDINT_H 1
| #define HAVE_UNISTD_H 1
| #define HAVE_FCNTL_H 1
| #define HAVE_STDINT_H 1
| #define HAVE_STDLIB_H 1
| #define HAVE_STRING_H 1
| #define HAVE_STRINGS_H 1
| #define HAVE_UNISTD_H 1
| #define HAVE_SCHED_H 1
| #define HAVE_SYS_PRCTL_H 1
| /* end confdefs.h.  */
| #include <stdio.h>
| #ifdef HAVE_SYS_TYPES_H
| # include <sys/types.h>
| #endif
| #ifdef HAVE_SYS_STAT_H
| # include <sys/stat.h>
| #endif
| #ifdef STDC_HEADERS
| # include <stdlib.h>
| # include <stddef.h>
| #else
| # ifdef HAVE_STDLIB_H
| #  include <stdlib.h>
| # endif
| #endif
| #ifdef HAVE_STRING_H
| # if !defined STDC_HEADERS && defined HAVE_MEMORY_H
| #  include <memory.h>
| # endif
| # include <string.h>
| #endif
| #ifdef HAVE_STRINGS_H
| # include <strings.h>
| #endif
| #ifdef HAVE_INTTYPES_H
| # include <inttypes.h>
| #endif
| #ifdef HAVE_STDINT_H
| # include <stdint.h>
| #endif
| #ifdef HAVE_UNISTD_H
| # include <unistd.h>
| #endif
| 	        enum { N = 16 / 2 - 1 };
| int
| main ()
| {
| static int test_array [1 - 2 * !((int16_t) (((((int16_t) 1 << N) << N) - 1) * 2 + 1)
| 		 < (int16_t) (((((int16_t) 1 << N) << N) - 1) * 2 + 2))];
| test_array [0] = 0;
| return test_array [0];
| 
|   ;
|   return 0;
| }
configure:3722: result: yes
configure:3733: checking for pid_t
configure:3733: gcc -c -g -O2  conftest.c >&5
configure:3733: $? = 0
configure:3733: gcc -c -g -O2  conftest.c >&5
conftest.c: In function 'main':
conftest.c:63:20: error: expected expression before ')' token
 if (sizeof ((pid_t)))
                    ^
configure:3733: $? = 1
configure: failed program was:
| /* confdefs.h */
| #define PACKAGE_NAME "mastik"
| #define PACKAGE_TARNAME "mastik"
| #define PACKAGE_VERSION "0.02"
| #define PACKAGE_STRING "mastik 0.02"
| #define PACKAGE_BUGREPORT "yval@cs.adelaide.edu.au"
| #define PACKAGE_URL ""
| #define STDC_HEADERS 1
| #define HAVE_SYS_TYPES_H 1
| #define HAVE_SYS_STAT_H 1
| #define HAVE_STDLIB_H 1
| #define HAVE_STRING_H 1
| #define HAVE_MEMORY_H 1
| #define HAVE_STRINGS_H 1
| #define HAVE_INTTYPES_H 1
| #define HAVE_STDINT_H 1
| #define HAVE_UNISTD_H 1
| #define HAVE_FCNTL_H 1
| #define HAVE_STDINT_H 1
| #define HAVE_STDLIB_H 1
| #define HAVE_STRING_H 1
| #define HAVE_STRINGS_H 1
| #define HAVE_UNISTD_H 1
| #define HAVE_SCHED_H 1
| #define HAVE_SYS_PRCTL_H 1
| /* end confdefs.h.  */
| #include <stdio.h>
| #ifdef HAVE_SYS_TYPES_H
| # include <sys/types.h>
| #endif
| #ifdef HAVE_SYS_STAT_H
| # include <sys/stat.h>
| #endif
| #ifdef STDC_HEADERS
| # include <stdlib.h>
| # include <stddef.h>
| #else
| # ifdef HAVE_STDLIB_H
| #  include <stdlib.h>
| # endif
| #endif
| #ifdef HAVE_STRING_H
| # if !defined STDC_HEADERS && defined HAVE_MEMORY_H
| #  include <memory.h>
| # endif
| # include <string.h>
| #endif
| #ifdef HAVE_STRINGS_H
| # include <strings.h>
| #endif
| #ifdef HAVE_INTTYPES_H
| # include <inttypes.h>
| #endif
| #ifdef HAVE_STDINT_H
| # include <stdint.h>
| #endif
| #ifdef HAVE_UNISTD_H
| # include <unistd.h>
| #endif
| int
| main ()
| {
| if (sizeof ((pid_t)))
| 	    return 0;
|   ;
|   return 0;
| }
configure:3733: result: yes
configure:3744: checking for size_t
configure:3744: gcc -c -g -O2  conftest.c >&5
configure:3744: $? = 0
configure:3744: gcc -c -g -O2  conftest.c >&5
conftest.c: In function 'main':
conftest.c:63:21: error: expected expression before ')' token
 if (sizeof ((size_t)))
                     ^
configure:3744: $? = 1
configure: failed program was:
| /* confdefs.h */
| #define PACKAGE_NAME "mastik"
| #define PACKAGE_TARNAME "mastik"
| #define PACKAGE_VERSION "0.02"
| #define PACKAGE_STRING "mastik 0.02"
| #define PACKAGE_BUGREPORT "yval@cs.adelaide.edu.au"
| #define PACKAGE_URL ""
| #define STDC_HEADERS 1
| #define HAVE_SYS_TYPES_H 1
| #define HAVE_SYS_STAT_H 1
| #define HAVE_STDLIB_H 1
| #define HAVE_STRING_H 1
| #define HAVE_MEMORY_H 1
| #define HAVE_STRINGS_H 1
| #define HAVE_INTTYPES_H 1
| #define HAVE_STDINT_H 1
| #define HAVE_UNISTD_H 1
| #define HAVE_FCNTL_H 1
| #define HAVE_STDINT_H 1
| #define HAVE_STDLIB_H 1
| #define HAVE_STRING_H 1
| #define HAVE_STRINGS_H 1
| #define HAVE_UNISTD_H 1
| #define HAVE_SCHED_H 1
| #define HAVE_SYS_PRCTL_H 1
| /* end confdefs.h.  */
| #include <stdio.h>
| #ifdef HAVE_SYS_TYPES_H
| # include <sys/types.h>
| #endif
| #ifdef HAVE_SYS_STAT_H
| # include <sys/stat.h>
| #endif
| #ifdef STDC_HEADERS
| # include <stdlib.h>
| # include <stddef.h>
| #else
| # ifdef HAVE_STDLIB_H
| #  include <stdlib.h>
| # endif
| #endif
| #ifdef HAVE_STRING_H
| # if !defined STDC_HEADERS && defined HAVE_MEMORY_H
| #  include <memory.h>
| # endif
| # include <string.h>
| #endif
| #ifdef HAVE_STRINGS_H
| # include <strings.h>
| #endif
| #ifdef HAVE_INTTYPES_H
| # include <inttypes.h>
| #endif
| #ifdef HAVE_STDINT_H
| # include <stdint.h>
| #endif
| #ifdef HAVE_UNISTD_H
| # include <unistd.h>
| #endif
| int
| main ()
| {
| if (sizeof ((size_t)))
| 	    return 0;
|   ;
|   return 0;
| }
configure:3744: result: yes
configure:3755: checking for uint16_t
configure:3755: gcc -c -g -O2  conftest.c >&5
configure:3755: $? = 0
configure:3755: result: yes
configure:3767: checking for uint32_t
configure:3767: gcc -c -g -O2  conftest.c >&5
configure:3767: $? = 0
configure:3767: result: yes
configure:3781: checking for uint64_t
configure:3781: gcc -c -g -O2  conftest.c >&5
configure:3781: $? = 0
configure:3781: result: yes
configure:3795: checking for uint8_t
configure:3795: gcc -c -g -O2  conftest.c >&5
configure:3795: $? = 0
configure:3795: result: yes
configure:3813: checking vfork.h usability
configure:3813: gcc -c -g -O2  conftest.c >&5
conftest.c:60:19: fatal error: vfork.h: No such file or directory
 #include <vfork.h>
                   ^
compilation terminated.
configure:3813: $? = 1
configure: failed program was:
| /* confdefs.h */
| #define PACKAGE_NAME "mastik"
| #define PACKAGE_TARNAME "mastik"
| #define PACKAGE_VERSION "0.02"
| #define PACKAGE_STRING "mastik 0.02"
| #define PACKAGE_BUGREPORT "yval@cs.adelaide.edu.au"
| #define PACKAGE_URL ""
| #define STDC_HEADERS 1
| #define HAVE_SYS_TYPES_H 1
| #define HAVE_SYS_STAT_H 1
| #define HAVE_STDLIB_H 1
| #define HAVE_STRING_H 1
| #define HAVE_MEMORY_H 1
| #define HAVE_STRINGS_H 1
| #define HAVE_INTTYPES_H 1
| #define HAVE_STDINT_H 1
| #define HAVE_UNISTD_H 1
| #define HAVE_FCNTL_H 1
| #define HAVE_STDINT_H 1
| #define HAVE_STDLIB_H 1
| #define HAVE_STRING_H 1
| #define HAVE_STRINGS_H 1
| #define HAVE_UNISTD_H 1
| #define HAVE_SCHED_H 1
| #define HAVE_SYS_PRCTL_H 1
| /* end confdefs.h.  */
| #include <stdio.h>
| #ifdef HAVE_SYS_TYPES_H
| # include <sys/types.h>
| #endif
| #ifdef HAVE_SYS_STAT_H
| # include <sys/stat.h>
| #endif
| #ifdef STDC_HEADERS
| # include <stdlib.h>
| # include <stddef.h>
| #else
| # ifdef HAVE_STDLIB_H
| #  include <stdlib.h>
| # endif
| #endif
| #ifdef HAVE_STRING_H
| # if !defined STDC_HEADERS && defined HAVE_MEMORY_H
| #  include <memory.h>
| # endif
| # include <string.h>
| #endif
| #ifdef HAVE_STRINGS_H
| # include <strings.h>
| #endif
| #ifdef HAVE_INTTYPES_H
| # include <inttypes.h>
| #endif
| #ifdef HAVE_STDINT_H
| # include <stdint.h>
| #endif
| #ifdef HAVE_UNISTD_H
| # include <unistd.h>
| #endif
| #include <vfork.h>
configure:3813: result: no
configure:3813: checking vfork.h presence
configure:3813: gcc -E  conftest.c
conftest.c:27:19: fatal error: vfork.h: No such file or directory
 #include <vfork.h>
                   ^
compilation terminated.
configure:3813: $? = 1
configure: failed program was:
| /* confdefs.h */
| #define PACKAGE_NAME "mastik"
| #define PACKAGE_TARNAME "mastik"
| #define PACKAGE_VERSION "0.02"
| #define PACKAGE_STRING "mastik 0.02"
| #define PACKAGE_BUGREPORT "yval@cs.adelaide.edu.au"
| #define PACKAGE_URL ""
| #define STDC_HEADERS 1
| #define HAVE_SYS_TYPES_H 1
| #define HAVE_SYS_STAT_H 1
| #define HAVE_STDLIB_H 1
| #define HAVE_STRING_H 1
| #define HAVE_MEMORY_H 1
| #define HAVE_STRINGS_H 1
| #define HAVE_INTTYPES_H 1
| #define HAVE_STDINT_H 1
| #define HAVE_UNISTD_H 1
| #define HAVE_FCNTL_H 1
| #define HAVE_STDINT_H 1
| #define HAVE_STDLIB_H 1
| #define HAVE_STRING_H 1
| #define HAVE_STRINGS_H 1
| #define HAVE_UNISTD_H 1
| #define HAVE_SCHED_H 1
| #define HAVE_SYS_PRCTL_H 1
| /* end confdefs.h.  */
| #include <vfork.h>
configure:3813: result: no
configure:3813: checking for vfork.h
configure:3813: result: no
configure:3826: checking for fork
configure:3826: gcc -o conftest -g -O2   conftest.c  >&5
conftest.c:50:6: warning: conflicting types for built-in function 'fork' [enabled by default]
 char fork ();
      ^
configure:3826: $? = 0
configure:3826: result: yes
configure:3826: checking for vfork
configure:3826: gcc -o conftest -g -O2   conftest.c  >&5
configure:3826: $? = 0
configure:3826: result: yes
configure:3836: checking for working fork
configure:3858: gcc -o conftest -g -O2   conftest.c  >&5
configure:3858: $? = 0
configure:3858: ./conftest
configure:3858: $? = 0
configure:3868: result: yes
configure:3889: checking for working vfork
configure:3999: result: yes
configure:4026: checking for stdlib.h
configure:4026: result: yes
configure:4036: checking for GNU libc compatible malloc
configure:4060: gcc -o conftest -g -O2   conftest.c  >&5
configure:4060: $? = 0
configure:4060: ./conftest
configure:4060: $? = 0
configure:4070: result: yes
configure:4097: checking for stdlib.h
configure:4097: result: yes
configure:4097: checking for unistd.h
configure:4097: result: yes
configure:4097: checking for sys/param.h
configure:4097: gcc -c -g -O2  conftest.c >&5
configure:4097: $? = 0
configure:4097: result: yes
configure:4117: checking for getpagesize
configure:4117: gcc -o conftest -g -O2   conftest.c  >&5
configure:4117: $? = 0
configure:4117: result: yes
configure:4126: checking for working mmap
configure:4273: gcc -o conftest -g -O2   conftest.c  >&5
configure:4273: $? = 0
configure:4273: ./conftest
configure:4273: $? = 0
configure:4283: result: yes
configure:4294: checking for stdlib.h
configure:4294: result: yes
configure:4304: checking for GNU libc compatible realloc
configure:4328: gcc -o conftest -g -O2   conftest.c  >&5
configure:4328: $? = 0
configure:4328: ./conftest
configure:4328: $? = 0
configure:4338: result: yes
configure:4362: checking for bzero
configure:4362: gcc -o conftest -g -O2   conftest.c  >&5
conftest.c:63:6: warning: conflicting types for built-in function 'bzero' [enabled by default]
 char bzero ();
      ^
configure:4362: $? = 0
configure:4362: result: yes
configure:4362: checking for memset
configure:4362: gcc -o conftest -g -O2   conftest.c  >&5
conftest.c:64:6: warning: conflicting types for built-in function 'memset' [enabled by default]
 char memset ();
      ^
configure:4362: $? = 0
configure:4362: result: yes
configure:4362: checking for munmap
configure:4362: gcc -o conftest -g -O2   conftest.c  >&5
configure:4362: $? = 0
configure:4362: result: yes
configure:4362: checking for strchr
configure:4362: gcc -o conftest -g -O2   conftest.c  >&5
conftest.c:66:6: warning: conflicting types for built-in function 'strchr' [enabled by default]
 char strchr ();
      ^
configure:4362: $? = 0
configure:4362: result: yes
configure:4362: checking for strdup
configure:4362: gcc -o conftest -g -O2   conftest.c  >&5
conftest.c:67:6: warning: conflicting types for built-in function 'strdup' [enabled by default]
 char strdup ();
      ^
configure:4362: $? = 0
configure:4362: result: yes
configure:4362: checking for strtoul
configure:4362: gcc -o conftest -g -O2   conftest.c  >&5
configure:4362: $? = 0
configure:4362: result: yes
configure:4362: checking for strtoull
configure:4362: gcc -o conftest -g -O2   conftest.c  >&5
configure:4362: $? = 0
configure:4362: result: yes
configure:4362: checking for uname
configure:4362: gcc -o conftest -g -O2   conftest.c  >&5
configure:4362: $? = 0
configure:4362: result: yes
configure:4374: checking for mmap64
configure:4374: gcc -o conftest -g -O2   conftest.c  >&5
configure:4374: $? = 0
configure:4374: result: yes
configure:4374: checking for sched_setaffinity
configure:4374: gcc -o conftest -g -O2   conftest.c  >&5
configure:4374: $? = 0
configure:4374: result: yes
configure:4507: creating ./config.status

## ---------------------- ##
## Running config.status. ##
## ---------------------- ##

This file was extended by mastik config.status 0.02, which was
generated by GNU Autoconf 2.69.  Invocation command line was

  CONFIG_FILES    = 
  CONFIG_HEADERS  = 
  CONFIG_LINKS    = 
  CONFIG_COMMANDS = 
  $ ./config.status 

on lab-407

config.status:831: creating Makefile
config.status:831: creating src/Makefile
config.status:831: creating demo/Makefile
config.status:831: creating src/config.h
config.status:1001: src/config.h is unchanged

## ---------------- ##
## Cache variables. ##
## ---------------- ##

ac_cv_c_compiler_gnu=yes
ac_cv_c_inline=inline
ac_cv_c_int16_t=yes
ac_cv_c_uint16_t=yes
ac_cv_c_uint32_t=yes
ac_cv_c_uint64_t=yes
ac_cv_c_uint8_t=yes
ac_cv_env_CC_set=
ac_cv_env_CC_value=
ac_cv_env_CFLAGS_set=
ac_cv_env_CFLAGS_value=
ac_cv_env_CPPFLAGS_set=
ac_cv_env_CPPFLAGS_value=
ac_cv_env_CPP_set=
ac_cv_env_CPP_value=
ac_cv_env_LDFLAGS_set=
ac_cv_env_LDFLAGS_value=
ac_cv_env_LIBS_set=
ac_cv_env_LIBS_value=
ac_cv_env_build_alias_set=
ac_cv_env_build_alias_value=
ac_cv_env_host_alias_set=
ac_cv_env_host_alias_value=
ac_cv_env_target_alias_set=
ac_cv_env_target_alias_value=
ac_cv_func_bzero=yes
ac_cv_func_fork=yes
ac_cv_func_fork_works=yes
ac_cv_func_getpagesize=yes
ac_cv_func_malloc_0_nonnull=yes
ac_cv_func_memset=yes
ac_cv_func_mmap64=yes
ac_cv_func_mmap_fixed_mapped=yes
ac_cv_func_munmap=yes
ac_cv_func_realloc_0_nonnull=yes
ac_cv_func_sched_setaffinity=yes
ac_cv_func_strchr=yes
ac_cv_func_strdup=yes
ac_cv_func_strtoul=yes
ac_cv_func_strtoull=yes
ac_cv_func_uname=yes
ac_cv_func_vfork=yes
ac_cv_func_vfork_works=yes
ac_cv_header_bfd_h=no
ac_cv_header_fcntl_h=yes
ac_cv_header_inttypes_h=yes
ac_cv_header_mach_o_loader_h=no
ac_cv_header_memory_h=yes
ac_cv_header_sched_h=yes
ac_cv_header_stdc=yes
ac_cv_header_stdint_h=yes
ac_cv_header_stdlib_h=yes
ac_cv_header_string_h=yes
ac_cv_header_strings_h=yes
ac_cv_header_sys_param_h=yes
ac_cv_header_sys_prctl_h=yes
ac_cv_header_sys_stat_h=yes
ac_cv_header_sys_types_h=yes
ac_cv_header_unistd_h=yes
ac_cv_header_vfork_h=no
ac_cv_lib_bfd_bfd_init=no
ac_cv_lib_dwarf_dwarf_init=no
ac_cv_lib_elf_elf_version=no
ac_cv_objext=o
ac_cv_path_EGREP='/bin/grep -E'
ac_cv_path_GREP=/bin/grep
ac_cv_prog_CPP='gcc -E'
ac_cv_prog_ac_ct_CC=gcc
ac_cv_prog_cc_c89=
ac_cv_prog_cc_g=yes
ac_cv_type_pid_t=yes
ac_cv_type_size_t=yes

## ----------------- ##
## Output variables. ##
## ----------------- ##

CC='gcc'
CFLAGS='-g -O2'
CPP='gcc -E'
CPPFLAGS=''
DEFS='-DHAVE_CONFIG_H'
ECHO_C=''
ECHO_N='-n'
ECHO_T=''
EGREP='/bin/grep -E'
EXEEXT=''
GREP='/bin/grep'
LDFLAGS=''
LIBOBJS=''
LIBS=''
LTLIBOBJS=''
OBJEXT='o'
PACKAGE_BUGREPORT='yval@cs.adelaide.edu.au'
PACKAGE_NAME='mastik'
PACKAGE_STRING='mastik 0.02'
PACKAGE_TARNAME='mastik'
PACKAGE_URL=''
PACKAGE_VERSION='0.02'
PATH_SEPARATOR=':'
SHELL='/bin/bash'
SYMBOL_SRCS=''
ac_ct_CC='gcc'
bindir='${exec_prefix}/bin'
build_alias=''
datadir='${datarootdir}'
datarootdir='${prefix}/share'
docdir='${datarootdir}/doc/${PACKAGE_TARNAME}'
dvidir='${docdir}'
exec_prefix='${prefix}'
host_alias=''
htmldir='${docdir}'
includedir='${prefix}/include'
infodir='${datarootdir}/info'
libdir='${exec_prefix}/lib'
libexecdir='${exec_prefix}/libexec'
localedir='${datarootdir}/locale'
localstatedir='${prefix}/var'
mandir='${datarootdir}/man'
oldincludedir='/usr/include'
pdfdir='${docdir}'
prefix='/usr/local'
program_transform_name='s,x,x,'
psdir='${docdir}'
sbindir='${exec_prefix}/sbin'
sharedstatedir='${prefix}/com'
sysconfdir='${prefix}/etc'
target_alias=''

## ----------- ##
## confdefs.h. ##
## ----------- ##

/* confdefs.h */
#define PACKAGE_NAME "mastik"
#define PACKAGE_TARNAME "mastik"
#define PACKAGE_VERSION "0.02"
#define PACKAGE_STRING "mastik 0.02"
#define PACKAGE_BUGREPORT "yval@cs.adelaide.edu.au"
#define PACKAGE_URL ""
#define STDC_HEADERS 1
#define HAVE_SYS_TYPES_H 1
#define HAVE_SYS_STAT_H 1
#define HAVE_STDLIB_H 1
#define HAVE_STRING_H 1
#define HAVE_MEMORY_H 1
#define HAVE_STRINGS_H 1
#define HAVE_INTTYPES_H 1
#define HAVE_STDINT_H 1
#define HAVE_UNISTD_H 1
#define HAVE_FCNTL_H 1
#define HAVE_STDINT_H 1
#define HAVE_STDLIB_H 1
#define HAVE_STRING_H 1
#define HAVE_STRINGS_H 1
#define HAVE_UNISTD_H 1
#define HAVE_SCHED_H 1
#define HAVE_SYS_PRCTL_H 1
#define HAVE_FORK 1
#define HAVE_VFORK 1
#define HAVE_WORKING_VFORK 1
#define HAVE_WORKING_FORK 1
#define HAVE_STDLIB_H 1
#define HAVE_MALLOC 1
#define HAVE_STDLIB_H 1
#define HAVE_UNISTD_H 1
#define HAVE_SYS_PARAM_H 1
#define HAVE_GETPAGESIZE 1
#define HAVE_MMAP 1
#define HAVE_STDLIB_H 1
#define HAVE_REALLOC 1
#define HAVE_BZERO 1
#define HAVE_MEMSET 1
#define HAVE_MUNMAP 1
#define HAVE_STRCHR 1
#define HAVE_STRDUP 1
#define HAVE_STRTOUL 1
#define HAVE_STRTOULL 1
#define HAVE_UNAME 1
#define HAVE_MMAP64 1
#define HAVE_SCHED_SETAFFINITY 1

configure: exit 0
